<?xml version="1.0" encoding="UTF-8"?>
<!-- Generated by org.testng.reporters.JUnitXMLReporter -->
<testsuite ignored="0" hostname="Admin" failures="5" tests="5" name="Test" time="29.0" errors="0" timestamp="2022-12-12T17:26:52 IST">
  <testcase classname="Test_Case.Honda_Test" name="honda" time="2.406">
    <failure type="java.lang.IllegalStateException" message="The driver executable does not exist: C:\Users\HP\git\repository2\ELF_Maven_Training\.\Drivers\chromedriver.exe">
      <![CDATA[java.lang.IllegalStateException: The driver executable does not exist: C:\Users\HP\git\repository2\ELF_Maven_Training\.\Drivers\chromedriver.exe
at com.google.common.base.Preconditions.checkState(Preconditions.java:534)
at org.openqa.selenium.remote.service.DriverService.checkExecutable(DriverService.java:136)
at org.openqa.selenium.remote.service.DriverService.findExecutable(DriverService.java:131)
at org.openqa.selenium.chrome.ChromeDriverService.access$000(ChromeDriverService.java:32)
at org.openqa.selenium.chrome.ChromeDriverService$Builder.findDefaultExecutable(ChromeDriverService.java:137)
at org.openqa.selenium.remote.service.DriverService$Builder.build(DriverService.java:339)
at org.openqa.selenium.chrome.ChromeDriverService.createDefaultService(ChromeDriverService.java:88)
at org.openqa.selenium.chrome.ChromeDriver.<init>(ChromeDriver.java:123)
at Test_Case.Honda_Test.honda(Honda_Test.java:15)
at java.base/java.util.ArrayList.forEach(ArrayList.java:1511)
... Removed 27 stack frames]]>
    </failure>
  </testcase> <!-- honda -->
  <testcase classname="Test_Case.Royal_Enfield_Test" name="royal" time="0.012">
    <failure type="java.lang.IllegalStateException" message="The driver executable does not exist: C:\Users\HP\git\repository2\ELF_Maven_Training\.\Drivers\chromedriver.exe">
      <![CDATA[java.lang.IllegalStateException: The driver executable does not exist: C:\Users\HP\git\repository2\ELF_Maven_Training\.\Drivers\chromedriver.exe
at com.google.common.base.Preconditions.checkState(Preconditions.java:534)
at org.openqa.selenium.remote.service.DriverService.checkExecutable(DriverService.java:136)
at org.openqa.selenium.remote.service.DriverService.findExecutable(DriverService.java:131)
at org.openqa.selenium.chrome.ChromeDriverService.access$000(ChromeDriverService.java:32)
at org.openqa.selenium.chrome.ChromeDriverService$Builder.findDefaultExecutable(ChromeDriverService.java:137)
at org.openqa.selenium.remote.service.DriverService$Builder.build(DriverService.java:339)
at org.openqa.selenium.chrome.ChromeDriverService.createDefaultService(ChromeDriverService.java:88)
at org.openqa.selenium.chrome.ChromeDriver.<init>(ChromeDriver.java:123)
at Test_Case.Royal_Enfield_Test.royal(Royal_Enfield_Test.java:17)
at java.base/java.util.ArrayList.forEach(ArrayList.java:1511)
... Removed 27 stack frames]]>
    </failure>
  </testcase> <!-- royal -->
  <testcase classname="Test_Case.KTM_Test" name="ktm" time="0.016">
    <failure type="java.lang.IllegalStateException" message="The driver executable does not exist: C:\Users\HP\git\repository2\ELF_Maven_Training\.\Drivers\chromedriver.exe">
      <![CDATA[java.lang.IllegalStateException: The driver executable does not exist: C:\Users\HP\git\repository2\ELF_Maven_Training\.\Drivers\chromedriver.exe
at com.google.common.base.Preconditions.checkState(Preconditions.java:534)
at org.openqa.selenium.remote.service.DriverService.checkExecutable(DriverService.java:136)
at org.openqa.selenium.remote.service.DriverService.findExecutable(DriverService.java:131)
at org.openqa.selenium.chrome.ChromeDriverService.access$000(ChromeDriverService.java:32)
at org.openqa.selenium.chrome.ChromeDriverService$Builder.findDefaultExecutable(ChromeDriverService.java:137)
at org.openqa.selenium.remote.service.DriverService$Builder.build(DriverService.java:339)
at org.openqa.selenium.chrome.ChromeDriverService.createDefaultService(ChromeDriverService.java:88)
at org.openqa.selenium.chrome.ChromeDriver.<init>(ChromeDriver.java:123)
at Test_Case.KTM_Test.ktm(KTM_Test.java:18)
at java.base/java.util.ArrayList.forEach(ArrayList.java:1511)
... Removed 27 stack frames]]>
    </failure>
  </testcase> <!-- ktm -->
  <testcase classname="Test_Case.Aprilia_Test" name="app" time="25.788">
    <failure type="org.openqa.selenium.SessionNotCreatedException" message="session not created: This version of ChromeDriver only supports Chrome version 106
Current browser version is 108.0.5359.99 with binary path C:\Program Files\Google\Chrome\Application\chrome.exe
Build info: version: &amp;apos;3.7.1&amp;apos;, revision: &amp;apos;8a0099a&amp;apos;, time: &amp;apos;2017-11-06T21:01:39.354Z&amp;apos;
System info: host: &amp;apos;ADMIN&amp;apos;, ip: &amp;apos;10.10.61.222&amp;apos;, os.name: &amp;apos;Windows 8.1&amp;apos;, os.arch: &amp;apos;amd64&amp;apos;, os.version: &amp;apos;6.3&amp;apos;, java.version: &amp;apos;17.0.5&amp;apos;
Driver info: driver.version: ChromeDriver
remote stacktrace: Backtrace:
	Ordinal0 [0x014F1ED3+2236115]
	Ordinal0 [0x014892F1+1807089]
	Ordinal0 [0x013966FD+812797]
	Ordinal0 [0x013B8C6D+953453]
	Ordinal0 [0x013B4200+934400]
	Ordinal0 [0x013B19C9+924105]
	Ordinal0 [0x013E806C+1146988]
	Ordinal0 [0x013E7A6A+1145450]
	Ordinal0 [0x013E18A6+1120422]
	Ordinal0 [0x013BA73D+960317]
	Ordinal0 [0x013BB71F+964383]
	GetHandleVerifier [0x0179E7E2+2743074]
	GetHandleVerifier [0x017908D4+2685972]
	GetHandleVerifier [0x01582BAA+532202]
	GetHandleVerifier [0x01581990+527568]
	Ordinal0 [0x0149080C+1837068]
	Ordinal0 [0x01494CD8+1854680]
	Ordinal0 [0x01494DC5+1854917]
	Ordinal0 [0x0149ED64+1895780]
	BaseThreadInitThunk [0x74A96A14+36]
	RtlInitializeExceptionChain [0x76FCA9FF+143]
	RtlInitializeExceptionChain [0x76FCA9CA+90]
">
      <![CDATA[org.openqa.selenium.SessionNotCreatedException: session not created: This version of ChromeDriver only supports Chrome version 106
Current browser version is 108.0.5359.99 with binary path C:\Program Files\Google\Chrome\Application\chrome.exe
Build info: version: '3.7.1', revision: '8a0099a', time: '2017-11-06T21:01:39.354Z'
System info: host: 'ADMIN', ip: '10.10.61.222', os.name: 'Windows 8.1', os.arch: 'amd64', os.version: '6.3', java.version: '17.0.5'
Driver info: driver.version: ChromeDriver
remote stacktrace: Backtrace:
Ordinal0 [0x014F1ED3+2236115]
Ordinal0 [0x014892F1+1807089]
Ordinal0 [0x013966FD+812797]
Ordinal0 [0x013B8C6D+953453]
Ordinal0 [0x013B4200+934400]
Ordinal0 [0x013B19C9+924105]
Ordinal0 [0x013E806C+1146988]
Ordinal0 [0x013E7A6A+1145450]
Ordinal0 [0x013E18A6+1120422]
Ordinal0 [0x013BA73D+960317]
Ordinal0 [0x013BB71F+964383]
GetHandleVerifier [0x0179E7E2+2743074]
GetHandleVerifier [0x017908D4+2685972]
GetHandleVerifier [0x01582BAA+532202]
GetHandleVerifier [0x01581990+527568]
Ordinal0 [0x0149080C+1837068]
Ordinal0 [0x01494CD8+1854680]
Ordinal0 [0x01494DC5+1854917]
Ordinal0 [0x0149ED64+1895780]
BaseThreadInitThunk [0x74A96A14+36]
RtlInitializeExceptionChain [0x76FCA9FF+143]
RtlInitializeExceptionChain [0x76FCA9CA+90]

at org.openqa.selenium.remote.W3CHandshakeResponse.lambda$new$0(W3CHandshakeResponse.java:57)
at org.openqa.selenium.remote.W3CHandshakeResponse.lambda$getResponseFunction$2(W3CHandshakeResponse.java:104)
at org.openqa.selenium.remote.ProtocolHandshake.lambda$createSession$0(ProtocolHandshake.java:123)
at java.base/java.util.stream.ReferencePipeline$3$1.accept(ReferencePipeline.java:197)
at java.base/java.util.Spliterators$ArraySpliterator.tryAdvance(Spliterators.java:1002)
at java.base/java.util.stream.ReferencePipeline.forEachWithCancel(ReferencePipeline.java:129)
at java.base/java.util.stream.AbstractPipeline.copyIntoWithCancel(AbstractPipeline.java:527)
at java.base/java.util.stream.AbstractPipeline.copyInto(AbstractPipeline.java:513)
at java.base/java.util.stream.AbstractPipeline.wrapAndCopyInto(AbstractPipeline.java:499)
at java.base/java.util.stream.FindOps$FindOp.evaluateSequential(FindOps.java:150)
at java.base/java.util.stream.AbstractPipeline.evaluate(AbstractPipeline.java:234)
at java.base/java.util.stream.ReferencePipeline.findFirst(ReferencePipeline.java:647)
at org.openqa.selenium.remote.ProtocolHandshake.createSession(ProtocolHandshake.java:126)
at org.openqa.selenium.remote.ProtocolHandshake.createSession(ProtocolHandshake.java:73)
at org.openqa.selenium.remote.HttpCommandExecutor.execute(HttpCommandExecutor.java:142)
at org.openqa.selenium.remote.service.DriverCommandExecutor.execute(DriverCommandExecutor.java:83)
at org.openqa.selenium.remote.RemoteWebDriver.execute(RemoteWebDriver.java:600)
at org.openqa.selenium.remote.RemoteWebDriver.startSession(RemoteWebDriver.java:219)
at org.openqa.selenium.remote.RemoteWebDriver.<init>(RemoteWebDriver.java:142)
at org.openqa.selenium.chrome.ChromeDriver.<init>(ChromeDriver.java:181)
at org.openqa.selenium.chrome.ChromeDriver.<init>(ChromeDriver.java:168)
at org.openqa.selenium.chrome.ChromeDriver.<init>(ChromeDriver.java:123)
at Test_Case.Aprilia_Test.app(Aprilia_Test.java:15)
at java.base/java.util.ArrayList.forEach(ArrayList.java:1511)
... Removed 32 stack frames]]>
    </failure>
  </testcase> <!-- app -->
  <testcase classname="Test_Case.Yamaha_Test" name="yamaha" time="0.026">
    <failure type="java.lang.IllegalStateException" message="The driver executable does not exist: C:\Users\HP\git\repository2\ELF_Maven_Training\.\Drivers\chromedriver.exe">
      <![CDATA[java.lang.IllegalStateException: The driver executable does not exist: C:\Users\HP\git\repository2\ELF_Maven_Training\.\Drivers\chromedriver.exe
at com.google.common.base.Preconditions.checkState(Preconditions.java:534)
at org.openqa.selenium.remote.service.DriverService.checkExecutable(DriverService.java:136)
at org.openqa.selenium.remote.service.DriverService.findExecutable(DriverService.java:131)
at org.openqa.selenium.chrome.ChromeDriverService.access$000(ChromeDriverService.java:32)
at org.openqa.selenium.chrome.ChromeDriverService$Builder.findDefaultExecutable(ChromeDriverService.java:137)
at org.openqa.selenium.remote.service.DriverService$Builder.build(DriverService.java:339)
at org.openqa.selenium.chrome.ChromeDriverService.createDefaultService(ChromeDriverService.java:88)
at org.openqa.selenium.chrome.ChromeDriver.<init>(ChromeDriver.java:123)
at Test_Case.Yamaha_Test.yamaha(Yamaha_Test.java:15)
at java.base/java.util.ArrayList.forEach(ArrayList.java:1511)
... Removed 27 stack frames]]>
    </failure>
  </testcase> <!-- yamaha -->
</testsuite> <!-- Test -->
